#! /usr/bin/vvp
:ivl_version "10.1 (stable)";
:ivl_delay_selection "TYPICAL";
:vpi_time_precision + 0;
:vpi_module "system";
:vpi_module "vhdl_sys";
:vpi_module "v2005_math";
:vpi_module "va_math";
S_0x19043a0 .scope module, "main_tb" "main_tb" 2 1;
 .timescale 0 0;
v0x1924db0_0 .var "a", 63 0;
v0x1924e90_0 .var "b", 63 0;
v0x1924f60_0 .var "clk", 0 0;
v0x1925060_0 .net "out", 255 0, v0x19248d0_0;  1 drivers
v0x1925130_0 .net "ready", 0 0, v0x19249b0_0;  1 drivers
v0x19251d0_0 .var "reset", 0 0;
v0x19252a0_0 .var "start", 0 0;
S_0x1904520 .scope module, "messi" "main" 2 16, 3 1 0, S_0x19043a0;
 .timescale 0 0;
    .port_info 0 /INPUT 1 "start"
    .port_info 1 /INPUT 1 "reset"
    .port_info 2 /INPUT 1 "clk"
    .port_info 3 /INPUT 64 "a"
    .port_info 4 /INPUT 64 "b"
    .port_info 5 /OUTPUT 256 "out"
    .port_info 6 /OUTPUT 1 "ready"
v0x19047a0_0 .net "a", 63 0, v0x1924db0_0;  1 drivers
v0x1924540_0 .net "b", 63 0, v0x1924e90_0;  1 drivers
v0x1924620_0 .net "clk", 0 0, v0x1924f60_0;  1 drivers
v0x19246c0_0 .var "m1", 63 0;
v0x19247a0_0 .var "m2", 63 0;
v0x19248d0_0 .var "out", 255 0;
v0x19249b0_0 .var "ready", 0 0;
v0x1924a70_0 .net "reset", 0 0, v0x19251d0_0;  1 drivers
v0x1924b30_0 .net "start", 0 0, v0x19252a0_0;  1 drivers
v0x1924bf0_0 .var "state", 1 0;
E_0x18976a0/0 .event negedge, v0x1924a70_0;
E_0x18976a0/1 .event posedge, v0x1924620_0;
E_0x18976a0 .event/or E_0x18976a0/0, E_0x18976a0/1;
    .scope S_0x1904520;
T_0 ;
    %wait E_0x18976a0;
    %load/vec4 v0x1924a70_0;
    %pad/u 32;
    %cmpi/e 0, 0, 32;
    %jmp/0xz  T_0.0, 4;
    %pushi/vec4 0, 0, 2;
    %assign/vec4 v0x1924bf0_0, 0;
    %pushi/vec4 1, 0, 1;
    %assign/vec4 v0x19249b0_0, 0;
    %pushi/vec4 0, 0, 256;
    %assign/vec4 v0x19248d0_0, 0;
    %jmp T_0.1;
T_0.0 ;
    %load/vec4 v0x19249b0_0;
    %pad/u 32;
    %pushi/vec4 1, 0, 32;
    %cmp/e;
    %flag_get/vec4 4;
    %load/vec4 v0x1924b30_0;
    %pad/u 32;
    %pushi/vec4 1, 0, 32;
    %cmp/e;
    %flag_get/vec4 4;
    %and;
    %flag_set/vec4 8;
    %jmp/0xz  T_0.2, 8;
    %load/vec4 v0x19047a0_0;
    %assign/vec4 v0x19246c0_0, 0;
    %load/vec4 v0x1924540_0;
    %assign/vec4 v0x19247a0_0, 0;
    %pushi/vec4 0, 0, 1;
    %assign/vec4 v0x19249b0_0, 0;
    %pushi/vec4 1, 0, 2;
    %assign/vec4 v0x1924bf0_0, 0;
    %pushi/vec4 1, 0, 256;
    %assign/vec4 v0x19248d0_0, 0;
    %jmp T_0.3;
T_0.2 ;
    %load/vec4 v0x1924bf0_0;
    %pad/u 32;
    %cmpi/e 1, 0, 32;
    %jmp/0xz  T_0.4, 4;
    %load/vec4 v0x19247a0_0;
    %cmpi/e 0, 0, 64;
    %jmp/0xz  T_0.6, 4;
    %pushi/vec4 0, 0, 2;
    %assign/vec4 v0x1924bf0_0, 0;
    %pushi/vec4 1, 0, 1;
    %assign/vec4 v0x19249b0_0, 0;
    %jmp T_0.7;
T_0.6 ;
    %load/vec4 v0x19247a0_0;
    %parti/s 1, 0, 2;
    %pad/u 32;
    %cmpi/e 1, 0, 32;
    %jmp/0xz  T_0.8, 4;
    %load/vec4 v0x19248d0_0;
    %load/vec4 v0x19246c0_0;
    %pad/u 256;
    %mul;
    %assign/vec4 v0x19248d0_0, 0;
T_0.8 ;
    %load/vec4 v0x19247a0_0;
    %ix/load 4, 1, 0;
    %flag_set/imm 4, 0;
    %shiftr 4;
    %assign/vec4 v0x19247a0_0, 0;
    %load/vec4 v0x19246c0_0;
    %load/vec4 v0x19246c0_0;
    %mul;
    %assign/vec4 v0x19246c0_0, 0;
T_0.7 ;
T_0.4 ;
T_0.3 ;
T_0.1 ;
    %jmp T_0;
    .thread T_0;
    .scope S_0x19043a0;
T_1 ;
    %pushi/vec4 0, 0, 1;
    %store/vec4 v0x1924f60_0, 0, 1;
    %end;
    .thread T_1;
    .scope S_0x19043a0;
T_2 ;
    %delay 1, 0;
    %load/vec4 v0x1924f60_0;
    %inv;
    %store/vec4 v0x1924f60_0, 0, 1;
    %jmp T_2;
    .thread T_2;
    .scope S_0x19043a0;
T_3 ;
    %pushi/vec4 2, 0, 64;
    %store/vec4 v0x1924db0_0, 0, 64;
    %pushi/vec4 3, 0, 64;
    %store/vec4 v0x1924e90_0, 0, 64;
    %pushi/vec4 0, 0, 1;
    %store/vec4 v0x19251d0_0, 0, 1;
    %pushi/vec4 1, 0, 1;
    %store/vec4 v0x19252a0_0, 0, 1;
    %delay 1, 0;
    %pushi/vec4 0, 0, 1;
    %store/vec4 v0x19252a0_0, 0, 1;
    %delay 1, 0;
    %vpi_call 2 21 "$display", "ready=%d out=%d", v0x1925130_0, v0x1925060_0 {0 0 0};
    %delay 5, 0;
    %pushi/vec4 2, 0, 64;
    %store/vec4 v0x1924db0_0, 0, 64;
    %pushi/vec4 64, 0, 64;
    %store/vec4 v0x1924e90_0, 0, 64;
    %pushi/vec4 1, 0, 1;
    %store/vec4 v0x19251d0_0, 0, 1;
    %pushi/vec4 1, 0, 1;
    %store/vec4 v0x19252a0_0, 0, 1;
    %delay 1, 0;
    %pushi/vec4 0, 0, 1;
    %store/vec4 v0x19252a0_0, 0, 1;
    %delay 1, 0;
    %vpi_call 2 25 "$display", "ready=%d out=%d", v0x1925130_0, v0x1925060_0 {0 0 0};
    %delay 1, 0;
    %vpi_call 2 26 "$display", "ready=%d out=%d", v0x1925130_0, v0x1925060_0 {0 0 0};
    %delay 1, 0;
    %vpi_call 2 27 "$display", "ready=%d out=%d", v0x1925130_0, v0x1925060_0 {0 0 0};
    %delay 1, 0;
    %vpi_call 2 28 "$display", "ready=%d out=%d", v0x1925130_0, v0x1925060_0 {0 0 0};
    %delay 1, 0;
    %vpi_call 2 29 "$display", "ready=%d out=%d", v0x1925130_0, v0x1925060_0 {0 0 0};
    %delay 1, 0;
    %vpi_call 2 30 "$display", "ready=%d out=%d", v0x1925130_0, v0x1925060_0 {0 0 0};
    %delay 1, 0;
    %vpi_call 2 31 "$display", "ready=%d out=%d", v0x1925130_0, v0x1925060_0 {0 0 0};
    %delay 1, 0;
    %vpi_call 2 32 "$display", "ready=%d out=%d", v0x1925130_0, v0x1925060_0 {0 0 0};
    %delay 1, 0;
    %vpi_call 2 33 "$display", "ready=%d out=%d", v0x1925130_0, v0x1925060_0 {0 0 0};
    %delay 1, 0;
    %vpi_call 2 34 "$display", "ready=%d out=%d", v0x1925130_0, v0x1925060_0 {0 0 0};
    %delay 1, 0;
    %vpi_call 2 35 "$display", "ready=%d out=%d", v0x1925130_0, v0x1925060_0 {0 0 0};
    %delay 1, 0;
    %vpi_call 2 36 "$display", "ready=%d out=%d", v0x1925130_0, v0x1925060_0 {0 0 0};
    %delay 1, 0;
    %vpi_call 2 37 "$display", "ready=%d out=%d", v0x1925130_0, v0x1925060_0 {0 0 0};
    %delay 1, 0;
    %vpi_call 2 38 "$display", "ready=%d out=%d", v0x1925130_0, v0x1925060_0 {0 0 0};
    %delay 1, 0;
    %vpi_call 2 39 "$display", "ready=%d out=%d", v0x1925130_0, v0x1925060_0 {0 0 0};
    %delay 1, 0;
    %vpi_call 2 40 "$display", "ready=%d out=%d", v0x1925130_0, v0x1925060_0 {0 0 0};
    %delay 1, 0;
    %vpi_call 2 41 "$display", "ready=%d out=%d", v0x1925130_0, v0x1925060_0 {0 0 0};
    %delay 1, 0;
    %vpi_call 2 42 "$display", "ready=%d out=%d", v0x1925130_0, v0x1925060_0 {0 0 0};
    %delay 1, 0;
    %vpi_call 2 43 "$display", "ready=%d out=%d", v0x1925130_0, v0x1925060_0 {0 0 0};
    %delay 1, 0;
    %vpi_call 2 44 "$display", "ready=%d out=%d", v0x1925130_0, v0x1925060_0 {0 0 0};
    %delay 1, 0;
    %vpi_call 2 45 "$display", "ready=%d out=%d", v0x1925130_0, v0x1925060_0 {0 0 0};
    %delay 1, 0;
    %vpi_call 2 46 "$display", "ready=%d out=%d", v0x1925130_0, v0x1925060_0 {0 0 0};
    %delay 1, 0;
    %vpi_call 2 47 "$display", "ready=%d out=%d", v0x1925130_0, v0x1925060_0 {0 0 0};
    %delay 1, 0;
    %vpi_call 2 48 "$display", "ready=%d out=%d", v0x1925130_0, v0x1925060_0 {0 0 0};
    %delay 1, 0;
    %vpi_call 2 49 "$display", "ready=%d out=%d", v0x1925130_0, v0x1925060_0 {0 0 0};
    %delay 1, 0;
    %vpi_call 2 50 "$display", "ready=%d out=%d", v0x1925130_0, v0x1925060_0 {0 0 0};
    %delay 1, 0;
    %vpi_call 2 51 "$display", "ready=%d out=%d", v0x1925130_0, v0x1925060_0 {0 0 0};
    %delay 1, 0;
    %vpi_call 2 52 "$display", "ready=%d out=%d", v0x1925130_0, v0x1925060_0 {0 0 0};
    %delay 1, 0;
    %vpi_call 2 53 "$display", "ready=%d out=%d", v0x1925130_0, v0x1925060_0 {0 0 0};
    %delay 1, 0;
    %vpi_call 2 54 "$display", "ready=%d out=%d", v0x1925130_0, v0x1925060_0 {0 0 0};
    %delay 1, 0;
    %vpi_call 2 55 "$display", "ready=%d out=%d", v0x1925130_0, v0x1925060_0 {0 0 0};
    %delay 1, 0;
    %vpi_call 2 56 "$display", "ready=%d out=%d", v0x1925130_0, v0x1925060_0 {0 0 0};
    %delay 1, 0;
    %vpi_call 2 57 "$display", "ready=%d out=%d", v0x1925130_0, v0x1925060_0 {0 0 0};
    %delay 1, 0;
    %vpi_call 2 58 "$display", "ready=%d out=%d", v0x1925130_0, v0x1925060_0 {0 0 0};
    %delay 1, 0;
    %vpi_call 2 59 "$display", "ready=%d out=%d", v0x1925130_0, v0x1925060_0 {0 0 0};
    %delay 1, 0;
    %vpi_call 2 60 "$display", "ready=%d out=%d", v0x1925130_0, v0x1925060_0 {0 0 0};
    %delay 1, 0;
    %vpi_call 2 61 "$display", "ready=%d out=%d", v0x1925130_0, v0x1925060_0 {0 0 0};
    %delay 1, 0;
    %vpi_call 2 62 "$display", "ready=%d out=%d", v0x1925130_0, v0x1925060_0 {0 0 0};
    %delay 1, 0;
    %vpi_call 2 63 "$display", "ready=%d out=%d", v0x1925130_0, v0x1925060_0 {0 0 0};
    %delay 1, 0;
    %vpi_call 2 64 "$display", "ready=%d out=%d", v0x1925130_0, v0x1925060_0 {0 0 0};
    %delay 1, 0;
    %vpi_call 2 65 "$display", "ready=%d out=%d", v0x1925130_0, v0x1925060_0 {0 0 0};
    %delay 1, 0;
    %vpi_call 2 66 "$display", "ready=%d out=%d", v0x1925130_0, v0x1925060_0 {0 0 0};
    %delay 1, 0;
    %vpi_call 2 67 "$display", "ready=%d out=%d", v0x1925130_0, v0x1925060_0 {0 0 0};
    %delay 1, 0;
    %vpi_call 2 68 "$display", "ready=%d out=%d", v0x1925130_0, v0x1925060_0 {0 0 0};
    %delay 1, 0;
    %vpi_call 2 69 "$display", "ready=%d out=%d", v0x1925130_0, v0x1925060_0 {0 0 0};
    %delay 1, 0;
    %vpi_call 2 70 "$display", "ready=%d out=%d", v0x1925130_0, v0x1925060_0 {0 0 0};
    %delay 1, 0;
    %vpi_call 2 71 "$display", "ready=%d out=%d", v0x1925130_0, v0x1925060_0 {0 0 0};
    %delay 1, 0;
    %vpi_call 2 72 "$display", "ready=%d out=%d", v0x1925130_0, v0x1925060_0 {0 0 0};
    %delay 1, 0;
    %vpi_call 2 73 "$display", "ready=%d out=%d", v0x1925130_0, v0x1925060_0 {0 0 0};
    %delay 1, 0;
    %vpi_call 2 74 "$display", "ready=%d out=%d", v0x1925130_0, v0x1925060_0 {0 0 0};
    %delay 1, 0;
    %vpi_call 2 75 "$display", "ready=%d out=%d", v0x1925130_0, v0x1925060_0 {0 0 0};
    %delay 1, 0;
    %vpi_call 2 76 "$display", "ready=%d out=%d", v0x1925130_0, v0x1925060_0 {0 0 0};
    %delay 1, 0;
    %vpi_call 2 77 "$display", "ready=%d out=%d", v0x1925130_0, v0x1925060_0 {0 0 0};
    %delay 1, 0;
    %vpi_call 2 78 "$display", "ready=%d out=%d", v0x1925130_0, v0x1925060_0 {0 0 0};
    %delay 1, 0;
    %vpi_call 2 79 "$display", "ready=%d out=%d", v0x1925130_0, v0x1925060_0 {0 0 0};
    %delay 1, 0;
    %vpi_call 2 80 "$display", "ready=%d out=%d", v0x1925130_0, v0x1925060_0 {0 0 0};
    %delay 1, 0;
    %vpi_call 2 81 "$display", "ready=%d out=%d", v0x1925130_0, v0x1925060_0 {0 0 0};
    %delay 1, 0;
    %vpi_call 2 82 "$display", "ready=%d out=%d", v0x1925130_0, v0x1925060_0 {0 0 0};
    %delay 1, 0;
    %vpi_call 2 83 "$display", "ready=%d out=%d", v0x1925130_0, v0x1925060_0 {0 0 0};
    %delay 1, 0;
    %vpi_call 2 84 "$display", "ready=%d out=%d", v0x1925130_0, v0x1925060_0 {0 0 0};
    %delay 1, 0;
    %vpi_call 2 85 "$display", "ready=%d out=%d", v0x1925130_0, v0x1925060_0 {0 0 0};
    %delay 1, 0;
    %vpi_call 2 86 "$display", "ready=%d out=%d", v0x1925130_0, v0x1925060_0 {0 0 0};
    %delay 1, 0;
    %vpi_call 2 87 "$display", "ready=%d out=%d", v0x1925130_0, v0x1925060_0 {0 0 0};
    %delay 1, 0;
    %vpi_call 2 88 "$display", "ready=%d out=%d", v0x1925130_0, v0x1925060_0 {0 0 0};
    %delay 1, 0;
    %vpi_call 2 89 "$display", "ready=%d out=%d", v0x1925130_0, v0x1925060_0 {0 0 0};
    %delay 1, 0;
    %vpi_call 2 90 "$display", "ready=%d out=%d", v0x1925130_0, v0x1925060_0 {0 0 0};
    %delay 1, 0;
    %vpi_call 2 91 "$display", "ready=%d out=%d", v0x1925130_0, v0x1925060_0 {0 0 0};
    %delay 1, 0;
    %vpi_call 2 92 "$display", "ready=%d out=%d", v0x1925130_0, v0x1925060_0 {0 0 0};
    %delay 1, 0;
    %vpi_call 2 93 "$display", "ready=%d out=%d", v0x1925130_0, v0x1925060_0 {0 0 0};
    %delay 1, 0;
    %vpi_call 2 94 "$display", "ready=%d out=%d", v0x1925130_0, v0x1925060_0 {0 0 0};
    %delay 1, 0;
    %vpi_call 2 95 "$display", "ready=%d out=%d", v0x1925130_0, v0x1925060_0 {0 0 0};
    %delay 1, 0;
    %vpi_call 2 96 "$display", "ready=%d out=%d", v0x1925130_0, v0x1925060_0 {0 0 0};
    %delay 1, 0;
    %vpi_call 2 97 "$display", "ready=%d out=%d", v0x1925130_0, v0x1925060_0 {0 0 0};
    %delay 1, 0;
    %vpi_call 2 98 "$display", "ready=%d out=%d", v0x1925130_0, v0x1925060_0 {0 0 0};
    %delay 1, 0;
    %vpi_call 2 99 "$display", "ready=%d out=%d", v0x1925130_0, v0x1925060_0 {0 0 0};
    %delay 1, 0;
    %vpi_call 2 100 "$display", "ready=%d out=%d", v0x1925130_0, v0x1925060_0 {0 0 0};
    %delay 1, 0;
    %vpi_call 2 101 "$display", "ready=%d out=%d", v0x1925130_0, v0x1925060_0 {0 0 0};
    %delay 1, 0;
    %vpi_call 2 102 "$display", "ready=%d out=%d", v0x1925130_0, v0x1925060_0 {0 0 0};
    %delay 1, 0;
    %vpi_call 2 103 "$display", "ready=%d out=%d", v0x1925130_0, v0x1925060_0 {0 0 0};
    %delay 1, 0;
    %vpi_call 2 104 "$display", "ready=%d out=%d", v0x1925130_0, v0x1925060_0 {0 0 0};
    %delay 1, 0;
    %vpi_call 2 105 "$display", "ready=%d out=%d", v0x1925130_0, v0x1925060_0 {0 0 0};
    %delay 1, 0;
    %vpi_call 2 106 "$display", "ready=%d out=%d", v0x1925130_0, v0x1925060_0 {0 0 0};
    %delay 1, 0;
    %vpi_call 2 107 "$display", "ready=%d out=%d", v0x1925130_0, v0x1925060_0 {0 0 0};
    %delay 1, 0;
    %vpi_call 2 108 "$display", "ready=%d out=%d", v0x1925130_0, v0x1925060_0 {0 0 0};
    %delay 1, 0;
    %vpi_call 2 109 "$display", "ready=%d out=%d", v0x1925130_0, v0x1925060_0 {0 0 0};
    %delay 1, 0;
    %vpi_call 2 110 "$display", "ready=%d out=%d", v0x1925130_0, v0x1925060_0 {0 0 0};
    %delay 1, 0;
    %vpi_call 2 111 "$display", "ready=%d out=%d", v0x1925130_0, v0x1925060_0 {0 0 0};
    %delay 1, 0;
    %vpi_call 2 112 "$display", "ready=%d out=%d", v0x1925130_0, v0x1925060_0 {0 0 0};
    %delay 1, 0;
    %vpi_call 2 113 "$display", "ready=%d out=%d", v0x1925130_0, v0x1925060_0 {0 0 0};
    %delay 1, 0;
    %vpi_call 2 114 "$display", "ready=%d out=%d", v0x1925130_0, v0x1925060_0 {0 0 0};
    %delay 1, 0;
    %vpi_call 2 115 "$display", "ready=%d out=%d", v0x1925130_0, v0x1925060_0 {0 0 0};
    %delay 1, 0;
    %vpi_call 2 116 "$display", "ready=%d out=%d", v0x1925130_0, v0x1925060_0 {0 0 0};
    %delay 1, 0;
    %vpi_call 2 117 "$display", "ready=%d out=%d", v0x1925130_0, v0x1925060_0 {0 0 0};
    %delay 1, 0;
    %vpi_call 2 118 "$display", "ready=%d out=%d", v0x1925130_0, v0x1925060_0 {0 0 0};
    %delay 1, 0;
    %vpi_call 2 119 "$display", "ready=%d out=%d", v0x1925130_0, v0x1925060_0 {0 0 0};
    %delay 1, 0;
    %vpi_call 2 120 "$display", "ready=%d out=%d", v0x1925130_0, v0x1925060_0 {0 0 0};
    %delay 1, 0;
    %vpi_call 2 121 "$display", "ready=%d out=%d", v0x1925130_0, v0x1925060_0 {0 0 0};
    %delay 1, 0;
    %vpi_call 2 122 "$display", "ready=%d out=%d", v0x1925130_0, v0x1925060_0 {0 0 0};
    %delay 1, 0;
    %vpi_call 2 123 "$display", "ready=%d out=%d", v0x1925130_0, v0x1925060_0 {0 0 0};
    %delay 1, 0;
    %vpi_call 2 124 "$display", "ready=%d out=%d", v0x1925130_0, v0x1925060_0 {0 0 0};
    %delay 1, 0;
    %vpi_call 2 125 "$display", "ready=%d out=%d", v0x1925130_0, v0x1925060_0 {0 0 0};
    %delay 1, 0;
    %vpi_call 2 126 "$display", "ready=%d out=%d", v0x1925130_0, v0x1925060_0 {0 0 0};
    %delay 1, 0;
    %vpi_call 2 127 "$display", "ready=%d out=%d", v0x1925130_0, v0x1925060_0 {0 0 0};
    %delay 1, 0;
    %vpi_call 2 128 "$display", "ready=%d out=%d", v0x1925130_0, v0x1925060_0 {0 0 0};
    %delay 1, 0;
    %vpi_call 2 129 "$display", "ready=%d out=%d", v0x1925130_0, v0x1925060_0 {0 0 0};
    %delay 1, 0;
    %vpi_call 2 130 "$display", "ready=%d out=%d", v0x1925130_0, v0x1925060_0 {0 0 0};
    %delay 1, 0;
    %vpi_call 2 131 "$display", "ready=%d out=%d", v0x1925130_0, v0x1925060_0 {0 0 0};
    %delay 1, 0;
    %vpi_call 2 132 "$display", "ready=%d out=%d", v0x1925130_0, v0x1925060_0 {0 0 0};
    %delay 1, 0;
    %vpi_call 2 133 "$display", "ready=%d out=%d", v0x1925130_0, v0x1925060_0 {0 0 0};
    %delay 1, 0;
    %vpi_call 2 134 "$display", "ready=%d out=%d", v0x1925130_0, v0x1925060_0 {0 0 0};
    %delay 1, 0;
    %vpi_call 2 135 "$display", "ready=%d out=%d", v0x1925130_0, v0x1925060_0 {0 0 0};
    %delay 1, 0;
    %vpi_call 2 136 "$display", "ready=%d out=%d", v0x1925130_0, v0x1925060_0 {0 0 0};
    %delay 1, 0;
    %vpi_call 2 137 "$display", "ready=%d out=%d", v0x1925130_0, v0x1925060_0 {0 0 0};
    %delay 1, 0;
    %vpi_call 2 138 "$display", "ready=%d out=%d", v0x1925130_0, v0x1925060_0 {0 0 0};
    %delay 1, 0;
    %vpi_call 2 139 "$display", "ready=%d out=%d", v0x1925130_0, v0x1925060_0 {0 0 0};
    %delay 1, 0;
    %vpi_call 2 140 "$display", "ready=%d out=%d", v0x1925130_0, v0x1925060_0 {0 0 0};
    %delay 1, 0;
    %vpi_call 2 141 "$display", "ready=%d out=%d", v0x1925130_0, v0x1925060_0 {0 0 0};
    %delay 1, 0;
    %vpi_call 2 142 "$display", "ready=%d out=%d", v0x1925130_0, v0x1925060_0 {0 0 0};
    %delay 1, 0;
    %vpi_call 2 143 "$display", "ready=%d out=%d", v0x1925130_0, v0x1925060_0 {0 0 0};
    %delay 1, 0;
    %vpi_call 2 144 "$display", "ready=%d out=%d", v0x1925130_0, v0x1925060_0 {0 0 0};
    %delay 1, 0;
    %vpi_call 2 145 "$display", "ready=%d out=%d", v0x1925130_0, v0x1925060_0 {0 0 0};
    %delay 1, 0;
    %vpi_call 2 146 "$display", "ready=%d out=%d", v0x1925130_0, v0x1925060_0 {0 0 0};
    %delay 1, 0;
    %vpi_call 2 147 "$display", "ready=%d out=%d", v0x1925130_0, v0x1925060_0 {0 0 0};
    %delay 1, 0;
    %vpi_call 2 148 "$display", "ready=%d out=%d", v0x1925130_0, v0x1925060_0 {0 0 0};
    %delay 1, 0;
    %vpi_call 2 149 "$display", "ready=%d out=%d", v0x1925130_0, v0x1925060_0 {0 0 0};
    %delay 1, 0;
    %vpi_call 2 150 "$display", "ready=%d out=%d", v0x1925130_0, v0x1925060_0 {0 0 0};
    %delay 1, 0;
    %vpi_call 2 151 "$display", "ready=%d out=%d", v0x1925130_0, v0x1925060_0 {0 0 0};
    %delay 1, 0;
    %vpi_call 2 152 "$display", "ready=%d out=%d", v0x1925130_0, v0x1925060_0 {0 0 0};
    %delay 1, 0;
    %vpi_call 2 153 "$display", "ready=%d out=%d", v0x1925130_0, v0x1925060_0 {0 0 0};
    %delay 1, 0;
    %vpi_call 2 154 "$display", "ready=%d out=%d", v0x1925130_0, v0x1925060_0 {0 0 0};
    %delay 1, 0;
    %vpi_call 2 155 "$display", "ready=%d out=%d", v0x1925130_0, v0x1925060_0 {0 0 0};
    %delay 1, 0;
    %vpi_call 2 156 "$display", "ready=%d out=%d", v0x1925130_0, v0x1925060_0 {0 0 0};
    %delay 1, 0;
    %vpi_call 2 157 "$display", "ready=%d out=%d", v0x1925130_0, v0x1925060_0 {0 0 0};
    %delay 1, 0;
    %vpi_call 2 158 "$display", "ready=%d out=%d", v0x1925130_0, v0x1925060_0 {0 0 0};
    %delay 1, 0;
    %vpi_call 2 159 "$display", "ready=%d out=%d", v0x1925130_0, v0x1925060_0 {0 0 0};
    %delay 1, 0;
    %vpi_call 2 160 "$display", "ready=%d out=%d", v0x1925130_0, v0x1925060_0 {0 0 0};
    %delay 1, 0;
    %vpi_call 2 161 "$display", "ready=%d out=%d", v0x1925130_0, v0x1925060_0 {0 0 0};
    %delay 1, 0;
    %vpi_call 2 162 "$display", "ready=%d out=%d", v0x1925130_0, v0x1925060_0 {0 0 0};
    %delay 1, 0;
    %vpi_call 2 163 "$display", "ready=%d out=%d", v0x1925130_0, v0x1925060_0 {0 0 0};
    %delay 1, 0;
    %vpi_call 2 164 "$display", "ready=%d out=%d", v0x1925130_0, v0x1925060_0 {0 0 0};
    %delay 1, 0;
    %vpi_call 2 165 "$display", "ready=%d out=%d", v0x1925130_0, v0x1925060_0 {0 0 0};
    %delay 1, 0;
    %vpi_call 2 166 "$display", "ready=%d out=%d", v0x1925130_0, v0x1925060_0 {0 0 0};
    %delay 1, 0;
    %vpi_call 2 167 "$display", "ready=%d out=%d", v0x1925130_0, v0x1925060_0 {0 0 0};
    %delay 1, 0;
    %vpi_call 2 168 "$display", "ready=%d out=%d", v0x1925130_0, v0x1925060_0 {0 0 0};
    %delay 1, 0;
    %vpi_call 2 169 "$display", "ready=%d out=%d", v0x1925130_0, v0x1925060_0 {0 0 0};
    %delay 1, 0;
    %vpi_call 2 170 "$display", "ready=%d out=%d", v0x1925130_0, v0x1925060_0 {0 0 0};
    %delay 1, 0;
    %vpi_call 2 171 "$display", "ready=%d out=%d", v0x1925130_0, v0x1925060_0 {0 0 0};
    %delay 1, 0;
    %vpi_call 2 172 "$display", "ready=%d out=%d", v0x1925130_0, v0x1925060_0 {0 0 0};
    %delay 1, 0;
    %vpi_call 2 173 "$display", "ready=%d out=%d", v0x1925130_0, v0x1925060_0 {0 0 0};
    %delay 1, 0;
    %vpi_call 2 174 "$display", "ready=%d out=%d", v0x1925130_0, v0x1925060_0 {0 0 0};
    %delay 1, 0;
    %vpi_call 2 175 "$display", "ready=%d out=%d", v0x1925130_0, v0x1925060_0 {0 0 0};
    %delay 1, 0;
    %vpi_call 2 176 "$display", "ready=%d out=%d", v0x1925130_0, v0x1925060_0 {0 0 0};
    %delay 1, 0;
    %vpi_call 2 177 "$display", "ready=%d out=%d", v0x1925130_0, v0x1925060_0 {0 0 0};
    %delay 1, 0;
    %vpi_call 2 178 "$display", "ready=%d out=%d", v0x1925130_0, v0x1925060_0 {0 0 0};
    %delay 1, 0;
    %vpi_call 2 179 "$display", "ready=%d out=%d", v0x1925130_0, v0x1925060_0 {0 0 0};
    %delay 1, 0;
    %vpi_call 2 180 "$display", "ready=%d out=%d", v0x1925130_0, v0x1925060_0 {0 0 0};
    %delay 1, 0;
    %vpi_call 2 181 "$display", "ready=%d out=%d", v0x1925130_0, v0x1925060_0 {0 0 0};
    %delay 1, 0;
    %vpi_call 2 182 "$display", "ready=%d out=%d", v0x1925130_0, v0x1925060_0 {0 0 0};
    %delay 1, 0;
    %vpi_call 2 183 "$display", "ready=%d out=%d", v0x1925130_0, v0x1925060_0 {0 0 0};
    %delay 1, 0;
    %vpi_call 2 184 "$display", "ready=%d out=%d", v0x1925130_0, v0x1925060_0 {0 0 0};
    %delay 1, 0;
    %vpi_call 2 185 "$display", "ready=%d out=%d", v0x1925130_0, v0x1925060_0 {0 0 0};
    %delay 1, 0;
    %vpi_call 2 186 "$display", "ready=%d out=%d", v0x1925130_0, v0x1925060_0 {0 0 0};
    %delay 1, 0;
    %vpi_call 2 187 "$display", "ready=%d out=%d", v0x1925130_0, v0x1925060_0 {0 0 0};
    %delay 1, 0;
    %vpi_call 2 188 "$display", "ready=%d out=%d", v0x1925130_0, v0x1925060_0 {0 0 0};
    %delay 1, 0;
    %vpi_call 2 189 "$display", "ready=%d out=%d", v0x1925130_0, v0x1925060_0 {0 0 0};
    %delay 1, 0;
    %vpi_call 2 190 "$display", "ready=%d out=%d", v0x1925130_0, v0x1925060_0 {0 0 0};
    %delay 1, 0;
    %vpi_call 2 191 "$display", "ready=%d out=%d", v0x1925130_0, v0x1925060_0 {0 0 0};
    %delay 1, 0;
    %vpi_call 2 192 "$display", "ready=%d out=%d", v0x1925130_0, v0x1925060_0 {0 0 0};
    %delay 1, 0;
    %vpi_call 2 193 "$display", "ready=%d out=%d", v0x1925130_0, v0x1925060_0 {0 0 0};
    %delay 1, 0;
    %vpi_call 2 194 "$display", "ready=%d out=%d", v0x1925130_0, v0x1925060_0 {0 0 0};
    %delay 1, 0;
    %vpi_call 2 195 "$display", "ready=%d out=%d", v0x1925130_0, v0x1925060_0 {0 0 0};
    %delay 1, 0;
    %vpi_call 2 196 "$display", "ready=%d out=%d", v0x1925130_0, v0x1925060_0 {0 0 0};
    %delay 1, 0;
    %vpi_call 2 197 "$display", "ready=%d out=%d", v0x1925130_0, v0x1925060_0 {0 0 0};
    %delay 1, 0;
    %vpi_call 2 198 "$display", "ready=%d out=%d", v0x1925130_0, v0x1925060_0 {0 0 0};
    %delay 1, 0;
    %vpi_call 2 199 "$display", "ready=%d out=%d", v0x1925130_0, v0x1925060_0 {0 0 0};
    %delay 1, 0;
    %vpi_call 2 200 "$display", "ready=%d out=%d", v0x1925130_0, v0x1925060_0 {0 0 0};
    %delay 1, 0;
    %vpi_call 2 201 "$display", "ready=%d out=%d", v0x1925130_0, v0x1925060_0 {0 0 0};
    %delay 1, 0;
    %vpi_call 2 202 "$display", "ready=%d out=%d", v0x1925130_0, v0x1925060_0 {0 0 0};
    %delay 1, 0;
    %vpi_call 2 203 "$display", "ready=%d out=%d", v0x1925130_0, v0x1925060_0 {0 0 0};
    %delay 1, 0;
    %vpi_call 2 204 "$display", "ready=%d out=%d", v0x1925130_0, v0x1925060_0 {0 0 0};
    %delay 1, 0;
    %vpi_call 2 205 "$display", "ready=%d out=%d", v0x1925130_0, v0x1925060_0 {0 0 0};
    %delay 1, 0;
    %vpi_call 2 206 "$display", "ready=%d out=%d", v0x1925130_0, v0x1925060_0 {0 0 0};
    %delay 1, 0;
    %vpi_call 2 207 "$display", "ready=%d out=%d", v0x1925130_0, v0x1925060_0 {0 0 0};
    %delay 1, 0;
    %vpi_call 2 208 "$display", "ready=%d out=%d", v0x1925130_0, v0x1925060_0 {0 0 0};
    %delay 1, 0;
    %vpi_call 2 209 "$display", "ready=%d out=%d", v0x1925130_0, v0x1925060_0 {0 0 0};
    %delay 1, 0;
    %vpi_call 2 210 "$display", "ready=%d out=%d", v0x1925130_0, v0x1925060_0 {0 0 0};
    %delay 1, 0;
    %vpi_call 2 211 "$display", "ready=%d out=%d", v0x1925130_0, v0x1925060_0 {0 0 0};
    %delay 1, 0;
    %vpi_call 2 212 "$display", "ready=%d out=%d", v0x1925130_0, v0x1925060_0 {0 0 0};
    %delay 1, 0;
    %vpi_call 2 213 "$display", "ready=%d out=%d", v0x1925130_0, v0x1925060_0 {0 0 0};
    %delay 1, 0;
    %vpi_call 2 214 "$display", "ready=%d out=%d", v0x1925130_0, v0x1925060_0 {0 0 0};
    %delay 1, 0;
    %vpi_call 2 215 "$display", "ready=%d out=%d", v0x1925130_0, v0x1925060_0 {0 0 0};
    %delay 1, 0;
    %vpi_call 2 216 "$display", "ready=%d out=%d", v0x1925130_0, v0x1925060_0 {0 0 0};
    %delay 1, 0;
    %vpi_call 2 217 "$display", "ready=%d out=%d", v0x1925130_0, v0x1925060_0 {0 0 0};
    %delay 1, 0;
    %vpi_call 2 218 "$display", "ready=%d out=%d", v0x1925130_0, v0x1925060_0 {0 0 0};
    %delay 1, 0;
    %vpi_call 2 219 "$display", "ready=%d out=%d", v0x1925130_0, v0x1925060_0 {0 0 0};
    %delay 1, 0;
    %vpi_call 2 220 "$display", "ready=%d out=%d", v0x1925130_0, v0x1925060_0 {0 0 0};
    %delay 1, 0;
    %vpi_call 2 221 "$display", "ready=%d out=%d", v0x1925130_0, v0x1925060_0 {0 0 0};
    %delay 1, 0;
    %vpi_call 2 222 "$display", "ready=%d out=%d", v0x1925130_0, v0x1925060_0 {0 0 0};
    %delay 1, 0;
    %vpi_call 2 223 "$display", "ready=%d out=%d", v0x1925130_0, v0x1925060_0 {0 0 0};
    %delay 1, 0;
    %vpi_call 2 224 "$display", "ready=%d out=%d", v0x1925130_0, v0x1925060_0 {0 0 0};
    %delay 1, 0;
    %vpi_call 2 225 "$display", "ready=%d out=%d", v0x1925130_0, v0x1925060_0 {0 0 0};
    %delay 1, 0;
    %vpi_call 2 226 "$display", "ready=%d out=%d", v0x1925130_0, v0x1925060_0 {0 0 0};
    %delay 1, 0;
    %vpi_call 2 227 "$display", "ready=%d out=%d", v0x1925130_0, v0x1925060_0 {0 0 0};
    %delay 1, 0;
    %vpi_call 2 228 "$display", "ready=%d out=%d", v0x1925130_0, v0x1925060_0 {0 0 0};
    %delay 1, 0;
    %vpi_call 2 229 "$display", "ready=%d out=%d", v0x1925130_0, v0x1925060_0 {0 0 0};
    %delay 1, 0;
    %vpi_call 2 230 "$display", "ready=%d out=%d", v0x1925130_0, v0x1925060_0 {0 0 0};
    %delay 1, 0;
    %vpi_call 2 231 "$display", "ready=%d out=%d", v0x1925130_0, v0x1925060_0 {0 0 0};
    %delay 1, 0;
    %vpi_call 2 232 "$display", "ready=%d out=%d", v0x1925130_0, v0x1925060_0 {0 0 0};
    %delay 1, 0;
    %vpi_call 2 233 "$display", "ready=%d out=%d", v0x1925130_0, v0x1925060_0 {0 0 0};
    %delay 1, 0;
    %vpi_call 2 234 "$display", "ready=%d out=%d", v0x1925130_0, v0x1925060_0 {0 0 0};
    %delay 1, 0;
    %vpi_call 2 235 "$display", "ready=%d out=%d", v0x1925130_0, v0x1925060_0 {0 0 0};
    %delay 1, 0;
    %vpi_call 2 236 "$display", "ready=%d out=%d", v0x1925130_0, v0x1925060_0 {0 0 0};
    %delay 1, 0;
    %vpi_call 2 237 "$display", "ready=%d out=%d", v0x1925130_0, v0x1925060_0 {0 0 0};
    %delay 1, 0;
    %vpi_call 2 238 "$finish" {0 0 0};
    %end;
    .thread T_3;
# The file index is used to find the file name in the following table.
:file_names 4;
    "N/A";
    "<interactive>";
    "tb.v";
    "main.v";
